Loading LBM porous media data from dataset_ergun_viscous_widephi.csv...
  Loaded 720 converged LBM runs
  Variables: ['dP_L', 'v', 'mu', 'rho', 'd', 'phi', 'one_minus_phi']
    dP_L   range: [1.425e-10, 0.003855]  (109 unique)
    v      range: [1.594e-08, 2.864e-05]  (27 unique)
    mu     range: [0.1667, 0.1667]  (1 unique)
    rho    range: [1, 1]  (1 unique)
    d      range: [6, 10]  (2 unique)
    phi    range: [0.15, 0.85]  (12 unique)
    one_minus_phi range: [0.15, 0.85]  (12 unique)
  Re_p range: [9.265e-07, 1.042e-03]
  f range:    [5.392e+03, 3.178e+10]
  f / f_ergun: mean = 1.002,  std = 0.050

============================================================
Step 0: Dimensional analysis (Buckingham-Pi reduction)
============================================================
  Dimension matrix shape: (3, 7)  (rows = ['Mass', 'Length', 'Time'], cols = ['dP_L', 'v', 'mu', 'rho', 'd', 'phi', 'one_minus_phi'])
  Rank: 3   Expected Pi groups: 4
  Using pydimension.data_preprocessing.DataPreprocessor (output → output_viscous_widephi/_da_repo)
  Augmented CSV with one_minus_phi column → output_viscous_widephi/_da_repo/dataset_with_one_minus_phi.csv
=== Data Preprocessing ===
✅ Loaded data from: output_viscous_widephi/_da_repo/dataset_with_one_minus_phi.csv
   Shape: (720, 16)
   Columns: ['filename', 'tau', 'delta_p', 'dP_L', 'v', 'mu', 'rho', 'd', 'phi', 'f', 'Re_p', 'f_ergun', 'steps', 'converged', 'stalled', 'one_minus_phi']
✅ Detected variables:
   Input variables (7): ['dP_L', 'v', 'mu', 'rho', 'd', 'phi', 'one_minus_phi']
   Output variables (1): ['f']
   f: not in matrix, assuming dimensionless
✅ Loaded dimension matrix from file
✅ Normalized data
   Shape: (720, 8)
   Value range: [0.0000, 1.0000]

=== Preprocessing Complete ===
=== Dimensional Analysis ===
   Input variables: ['dP_L', 'v', 'mu', 'rho', 'd', 'phi', 'one_minus_phi']
   Output variable: f
   Active dimensions: ['Mass', 'Length', 'Time']
   Matrix shape: (3, 7)
   Matrix rank: 3
   Variables: 7
   Expected null space dimension: 4

=== Finding Null Space ===
Dimension matrix shape: (3, 7)
Null space shape: (7, 4)

=== Simplifying Basis Vectors ===
Simplified basis vectors shape: (7, 4)

=== Created Dimensionless Variables ===
Number of dimensionless groups: 4
  π1 = dP_L × v^-3 × mu × rho^-2
  π2 = dP_L × v^(-1) × mu^(-1) × d^2
  π3 = phi
  π4 = one_minus_phi

=== Dimensional Analysis Complete ===
AfterDA data: output_viscous_widephi/_da_repo/data/afterDA_data.csv
Basis vectors: output_viscous_widephi/_da_repo/data/basis_vectors.csv
  Basis vectors shape: (7, 4)
    Pi1 = dP_L · v^-3 · mu · rho^-2    (repo: π1 = dP_L × v^-3 × mu × rho^-2)
    Pi2 = dP_L · v^-1 · mu^-1 · d^2    (repo: π2 = dP_L × v^(-1) × mu^(-1) × d^2)
    Pi3 = phi    (repo: π3 = phi)
    Pi4 = one_minus_phi    (repo: π4 = one_minus_phi)
  Known f (friction factor) exponents in Pi span: cos = +1.0000  (±1 means it lies in the discovered Pi space)
  Known Re_p (Reynolds) exponents in Pi span: cos = +1.0000  (±1 means it lies in the discovered Pi space)
  Pi features for Step 2 encoder: ['log10(Re_p)', 'phi', '1-phi']
  pi_features_norm shape: (720, 3)  range: [0.000, 1.000]
  Centred Pi values for Step 3: shape (720, 3)  range: [0.0293, 33]

============================================================
Step 1: Normalizing data
============================================================
  Log-prenormalisation ON  (geometric-mean centring, NO min-max on X)
  X_prescaled range per col: min=[2.23078468e-04 2.34521601e-02 1.66656706e-01 1.00000000e+00
 7.74596669e-01 3.38248280e-01 3.38248280e-01], max=[6.03368815e+03 4.21374714e+01 1.66656706e-01 1.00000000e+00
 1.29099445e+00 1.91674025e+00 1.91674025e+00]
  ⚠️  Constant/near-constant columns: ['mu', 'rho']
     Their symmetry exponents will be unconstrained by the dataset.
  X_raw  range: [0.000, 6033.688]  ((720, 7))
  y = log10(f) normalized to [0, 1]
  log10(f) range: [3.732, 10.502]

============================================================
Step 2: Discovering intrinsic latent dimension
============================================================
  Step 2 encoder input: 3 Pi features (['log10(Re_p)', 'phi', '1-phi'])
  Multilayer encoder hidden dims: [64, 32]
  Multi-layer encoder: [64, 32]
  raw_input=True: [X, X², log|X|] augmentation is disabled

  Optimal latent dimension: 1
    k=1: R2_train=0.9962, R2_test=0.9965, MSE=0.000185
    k=2: R2_train=0.9955, R2_test=0.9958, MSE=0.000223
    k=3: R2_train=0.9954, R2_test=0.9959, MSE=0.000221

============================================================
Step 3: Identifying symmetry type
============================================================
  Step 3 input: 3 geometric-mean-centred Pi values (['Re_p', 'phi', '1-phi'])
  Generators therefore live in dimensionless (Re_p, phi) space.

  Detected symmetry: scaling
    scaling        : 0.000455 <--
    translational  : 0.006820
    rotational     : 0.012037
  Loss gap: 15.0x

============================================================
Step 4: Extracting Lie-algebra generators
============================================================
  Symmetry type: scaling
  Generators: 2

============================================================
  Winning encoder weight vector(s)  [Pi space]
============================================================
  Ergun exponent reference on (Re_p, phi, 1-phi) at (Re_bar=3.159e-05, phi_bar=0.500): [-1. -3.  2.]
  Viscous-term weight w = 1.000  (viscous-dominated regime; w=1 -> [-1,-3,+2], w=0 -> [0,-3,+1])
  Row 1 (scaling):
       Re_p      phi    1-phi
  raw :    -0.2215  -0.4153  +0.6161
  L2-n:    -0.2857  -0.5356  +0.7947
  cos<row, Ergun exponents [dlogf/dlogRe, dlogf/dlogphi, dlogf/dlog(1-phi)]> = +0.9306
  cos along data manifold (dlog(1-phi) = -1.000·dlogphi): +0.9999

============================================================
Step 5: Physical interpretation of generators
============================================================
  Each generator is a direction in log-Pi space along which
  the friction factor f is preserved: simultaneously rescale
  Re_p, phi and (1-phi) along g and the flow stays invariant
  (the local Ergun regime is preserved).

  Generator 1:
    Re_p x exp(-0.536*eps), phi x exp(+0.777*eps), 1-phi x exp(+0.331*eps)
    Meaning: increase phi while decrease Re_p, increase 1-phi
             to keep friction factor f invariant

  Generator 2:
    Re_p x exp(+0.795*eps), phi x exp(+0.331*eps), 1-phi x exp(+0.509*eps)
    Meaning: increase Re_p while increase phi, increase 1-phi
             to keep friction factor f invariant


============================================================
Creating visualizations
============================================================
Ergun collapse figure saved to output_viscous_widephi/lbm_ergun_collapse.png
/home/user/PyDimension/projects/20260912_Stage1_Prokash/Examples/porous_media_lbm_symmetry/discover_symmetry.py:732: UserWarning: This figure includes Axes that are not compatible with tight_layout, so results might be incorrect.
  plt.tight_layout(rect=[0, 0, 1, 0.93])
Pi candidates figure saved to output_viscous_widephi/lbm_pi_candidates.png
Symmetry-discovery figure saved to output_viscous_widephi/lbm_symmetry_discovery.png

============================================================
COMPLETE
============================================================
  Symmetry: scaling
  Generators: 2
  These generators show how the dimensionless groups Re_p
  and phi can be simultaneously rescaled while preserving
  the friction factor f -- the porous-media analogue of
  the Ergun scaling invariance, in Pi space.

